<?xml version="1.0" encoding="UTF-8"?>
<!-- Generated by org.testng.reporters.JUnitXMLReporter -->
<testsuite ignored="0" hostname="Sasi" failures="0" tests="4" name="Default test" time="76.902" errors="0" timestamp="2023-02-06T20:38:13 CET">
  <testcase classname="calulator.qa.test.CalculatorHomePageTest" name="BTC_001_Check_addition_for_two_numbers" time="8.233"/>
  <testcase classname="calulator.qa.test.CalculatorHomePageTest" name="BTC_001_Check_multiplication_for_two_numbers" time="8.546"/>
  <testcase classname="calulator.qa.test.CalculatorHomePageTest" name="BTC_002_Check_subtraction_for_two_numbers" time="8.444"/>
  <testcase classname="calulator.qa.test.CalculatorHomePageTest" name="BTC_004_Check_divison_for_two_numbers" time="8.593"/>
</testsuite> <!-- Default test -->
