<?xml version="1.0" encoding="UTF-8"?>
<testng-results ignored="0" total="4" passed="4" failed="0" skipped="0">
  <reporter-output>
    <line>
      <![CDATA[<a href="javascript:toggleElement('BTC_001_Check_addition_for_two_numbers_06022023203707', 'block')" title="Click to view test log"><b>BTC_001_Check_addition_for_two_numbers</b></a>]]>
    </line>
    <line>
      <![CDATA[<table class="stepsTable" id="BTC_001_Check_addition_for_two_numbers_06022023203707">]]>
    </line>
    <line>
      <![CDATA[<tr><td colspan = "3"  class="headerTest">Start BTC_001_Check_addition_for_two_numbers_06022023203707 [06/02/2023 20:37:07]</tr>]]>
    </line>
    <line>
      <![CDATA[<tr><td class="info">INFO</td><td class="description"> PLATFORM: Android Version:9</td><td class="time">20:37:07</td></tr>]]>
    </line>
    <line>
      <![CDATA[<tr><td colspan = "2" class="step">STEP 1: START: MTC_001_Sum_of_two_Numbers</td><td class="time">20:37:07</td></tr>]]>
    </line>
    <line>
      <![CDATA[<tr><td class="action">STORE VISIBILITY</td><td class="description">smartmobile.home.number.five.btn (//android.widget.Button[contains(@content-desc, '5')]) is visible</td><td class="time">20:37:11</td></tr>]]>
    </line>
    <line>
      <![CDATA[<tr><td class="ok">OK</td><td class="description">Element smartmobile.home.number.five.btn(xpath = //android.widget.Button[contains(@content-desc, '5')]) is visible </td><td class="time">20:37:12</td></tr>]]>
    </line>
    <line>
      <![CDATA[<tr><td class="action">CLICK</td><td class="description">smartmobile.home.number.five.btn (//android.widget.Button[contains(@content-desc, '5')])</td><td class="time">20:37:12</td></tr>]]>
    </line>
    <line>
      <![CDATA[<tr><td class="ok">OK</td><td class="description">Element smartmobile.home.action.plus.btn(xpath = //android.widget.Button[contains(@content-desc, '+')]) is visible </td><td class="time">20:37:12</td></tr>]]>
    </line>
    <line>
      <![CDATA[<tr><td class="action">CLICK</td><td class="description">smartmobile.home.action.plus.btn (//android.widget.Button[contains(@content-desc, '+')])</td><td class="time">20:37:13</td></tr>]]>
    </line>
    <line>
      <![CDATA[<tr><td class="ok">OK</td><td class="description">Element smartmobile.home.number.five.btn(xpath = //android.widget.Button[contains(@content-desc, '5')]) is visible </td><td class="time">20:37:14</td></tr>]]>
    </line>
    <line>
      <![CDATA[<tr><td class="action">CLICK</td><td class="description">smartmobile.home.number.five.btn (//android.widget.Button[contains(@content-desc, '5')])</td><td class="time">20:37:14</td></tr>]]>
    </line>
    <line>
      <![CDATA[<tr><td class="ok">OK</td><td class="description">Element smartmobile.home.action.equal.btn(xpath = //android.widget.Button[contains(@content-desc, '=')]) is visible </td><td class="time">20:37:14</td></tr>]]>
    </line>
    <line>
      <![CDATA[<tr><td class="action">CLICK</td><td class="description">smartmobile.home.action.equal.btn (//android.widget.Button[contains(@content-desc, '=')])</td><td class="time">20:37:15</td></tr>]]>
    </line>
    <line>
      <![CDATA[<tr><td class="info">INFO</td><td class="description">MTC_001_Sum_of_two_Numbers: FINISHED</td><td class="time">20:37:15</td></tr>]]>
    </line>
    <line>
      <![CDATA[<tr><td class="info">INFO</td><td class="description">Screenshot stored to C:\Users\semma\eclipse-workspace\Calculator\test-output\Default suite/../html/Screenshots/</td><td class="time">20:37:15</td></tr>]]>
    </line>
    <line>
      <![CDATA[<tr><td class="info">INFO</td><td class="description"><div style="border:0px solid; float:left;padding: 10px 10px 0px 0px">Screenshot<br><b>MTC_001_Sum_of_two_Numbers</b></div><div style="cursor:pointer" onclick="javascript:ImagePreview('Screenshots/01_MTC_001_Sum_of_two_Numbers.gif','MTC_001_Sum_of_two_Numbers');"><img src="Screenshots/01_MTC_001_Sum_of_two_Numbers.gif" style="height:100px;" border=0></div></td><td class="time">20:37:15</td></tr>]]>
    </line>
    <line>
      <![CDATA[<tr><td colspan = "3"  class="headerTest"> End BTC_001_Check_addition_for_two_numbers [06/02/2023 20:37:15]</tr>]]>
    </line>
    <line>
      <![CDATA[</table>]]>
    </line>
    <line>
      <![CDATA[<a href="javascript:toggleElement('BTC_001_Check_multiplication_for_two_numbers_06022023203726', 'block')" title="Click to view test log"><b>BTC_001_Check_multiplication_for_two_numbers</b></a>]]>
    </line>
    <line>
      <![CDATA[<table class="stepsTable" id="BTC_001_Check_multiplication_for_two_numbers_06022023203726">]]>
    </line>
    <line>
      <![CDATA[<tr><td colspan = "3"  class="headerTest">Start BTC_001_Check_multiplication_for_two_numbers_06022023203726 [06/02/2023 20:37:26]</tr>]]>
    </line>
    <line>
      <![CDATA[<tr><td class="info">INFO</td><td class="description"> PLATFORM: Android Version:9</td><td class="time">20:37:26</td></tr>]]>
    </line>
    <line>
      <![CDATA[<tr><td colspan = "2" class="step">STEP 1: START: MTC_001_Multiplication_of_two_Numbers</td><td class="time">20:37:26</td></tr>]]>
    </line>
    <line>
      <![CDATA[<tr><td class="action">STORE VISIBILITY</td><td class="description">smartmobile.home.number.five.btn (//android.widget.Button[contains(@content-desc, '5')]) is visible</td><td class="time">20:37:30</td></tr>]]>
    </line>
    <line>
      <![CDATA[<tr><td class="ok">OK</td><td class="description">Element smartmobile.home.number.five.btn(xpath = //android.widget.Button[contains(@content-desc, '5')]) is visible </td><td class="time">20:37:31</td></tr>]]>
    </line>
    <line>
      <![CDATA[<tr><td class="action">CLICK</td><td class="description">smartmobile.home.number.five.btn (//android.widget.Button[contains(@content-desc, '5')])</td><td class="time">20:37:31</td></tr>]]>
    </line>
    <line>
      <![CDATA[<tr><td class="ok">OK</td><td class="description">Element smartmobile.home.action.plus.btn(xpath = //android.widget.Button[contains(@content-desc, '+')]) is visible </td><td class="time">20:37:31</td></tr>]]>
    </line>
    <line>
      <![CDATA[<tr><td class="action">CLICK</td><td class="description">smartmobile.home.action.multiply.btn (//android.widget.Button[contains(@content-desc, 'x')])</td><td class="time">20:37:32</td></tr>]]>
    </line>
    <line>
      <![CDATA[<tr><td class="ok">OK</td><td class="description">Element smartmobile.home.number.five.btn(xpath = //android.widget.Button[contains(@content-desc, '5')]) is visible </td><td class="time">20:37:33</td></tr>]]>
    </line>
    <line>
      <![CDATA[<tr><td class="action">CLICK</td><td class="description">smartmobile.home.number.five.btn (//android.widget.Button[contains(@content-desc, '5')])</td><td class="time">20:37:33</td></tr>]]>
    </line>
    <line>
      <![CDATA[<tr><td class="ok">OK</td><td class="description">Element smartmobile.home.action.equal.btn(xpath = //android.widget.Button[contains(@content-desc, '=')]) is visible </td><td class="time">20:37:34</td></tr>]]>
    </line>
    <line>
      <![CDATA[<tr><td class="action">CLICK</td><td class="description">smartmobile.home.action.equal.btn (//android.widget.Button[contains(@content-desc, '=')])</td><td class="time">20:37:34</td></tr>]]>
    </line>
    <line>
      <![CDATA[<tr><td class="info">INFO</td><td class="description">MTC_001_Sum_of_two_Numbers: FINISHED</td><td class="time">20:37:34</td></tr>]]>
    </line>
    <line>
      <![CDATA[<tr><td class="info">INFO</td><td class="description">Screenshot stored to C:\Users\semma\eclipse-workspace\Calculator\test-output\Default suite/../html/Screenshots/</td><td class="time">20:37:35</td></tr>]]>
    </line>
    <line>
      <![CDATA[<tr><td class="info">INFO</td><td class="description"><div style="border:0px solid; float:left;padding: 10px 10px 0px 0px">Screenshot<br><b>MTC_001_Multiplication_of_two_Numbers</b></div><div style="cursor:pointer" onclick="javascript:ImagePreview('Screenshots/02_MTC_001_Multiplication_of_two_Numbers.gif','MTC_001_Multiplication_of_two_Numbers');"><img src="Screenshots/02_MTC_001_Multiplication_of_two_Numbers.gif" style="height:100px;" border=0></div></td><td class="time">20:37:35</td></tr>]]>
    </line>
    <line>
      <![CDATA[<tr><td colspan = "3"  class="headerTest"> End BTC_001_Check_multiplication_for_two_numbers [06/02/2023 20:37:35]</tr>]]>
    </line>
    <line>
      <![CDATA[</table>]]>
    </line>
    <line>
      <![CDATA[<a href="javascript:toggleElement('BTC_002_Check_subtraction_for_two_numbers_06022023203745', 'block')" title="Click to view test log"><b>BTC_002_Check_subtraction_for_two_numbers</b></a>]]>
    </line>
    <line>
      <![CDATA[<table class="stepsTable" id="BTC_002_Check_subtraction_for_two_numbers_06022023203745">]]>
    </line>
    <line>
      <![CDATA[<tr><td colspan = "3"  class="headerTest">Start BTC_002_Check_subtraction_for_two_numbers_06022023203745 [06/02/2023 20:37:45]</tr>]]>
    </line>
    <line>
      <![CDATA[<tr><td class="info">INFO</td><td class="description"> PLATFORM: Android Version:9</td><td class="time">20:37:45</td></tr>]]>
    </line>
    <line>
      <![CDATA[<tr><td colspan = "2" class="step">STEP 1: START: MTC_001_subtraction_of_two_Numbers</td><td class="time">20:37:45</td></tr>]]>
    </line>
    <line>
      <![CDATA[<tr><td class="action">STORE VISIBILITY</td><td class="description">smartmobile.home.number.five.btn (//android.widget.Button[contains(@content-desc, '5')]) is visible</td><td class="time">20:37:49</td></tr>]]>
    </line>
    <line>
      <![CDATA[<tr><td class="ok">OK</td><td class="description">Element smartmobile.home.number.five.btn(xpath = //android.widget.Button[contains(@content-desc, '5')]) is visible </td><td class="time">20:37:49</td></tr>]]>
    </line>
    <line>
      <![CDATA[<tr><td class="action">CLICK</td><td class="description">smartmobile.home.number.five.btn (//android.widget.Button[contains(@content-desc, '5')])</td><td class="time">20:37:49</td></tr>]]>
    </line>
    <line>
      <![CDATA[<tr><td class="ok">OK</td><td class="description">Element smartmobile.home.action.plus.btn(xpath = //android.widget.Button[contains(@content-desc, '+')]) is visible </td><td class="time">20:37:50</td></tr>]]>
    </line>
    <line>
      <![CDATA[<tr><td class="action">CLICK</td><td class="description">smartmobile.home.action.minus.btn (//android.widget.Button[contains(@content-desc, '-')])</td><td class="time">20:37:51</td></tr>]]>
    </line>
    <line>
      <![CDATA[<tr><td class="ok">OK</td><td class="description">Element smartmobile.home.number.five.btn(xpath = //android.widget.Button[contains(@content-desc, '5')]) is visible </td><td class="time">20:37:51</td></tr>]]>
    </line>
    <line>
      <![CDATA[<tr><td class="action">CLICK</td><td class="description">smartmobile.home.number.five.btn (//android.widget.Button[contains(@content-desc, '5')])</td><td class="time">20:37:52</td></tr>]]>
    </line>
    <line>
      <![CDATA[<tr><td class="ok">OK</td><td class="description">Element smartmobile.home.action.equal.btn(xpath = //android.widget.Button[contains(@content-desc, '=')]) is visible </td><td class="time">20:37:52</td></tr>]]>
    </line>
    <line>
      <![CDATA[<tr><td class="action">CLICK</td><td class="description">smartmobile.home.action.equal.btn (//android.widget.Button[contains(@content-desc, '=')])</td><td class="time">20:37:53</td></tr>]]>
    </line>
    <line>
      <![CDATA[<tr><td class="info">INFO</td><td class="description">MTC_001_Sum_of_two_Numbers: FINISHED</td><td class="time">20:37:53</td></tr>]]>
    </line>
    <line>
      <![CDATA[<tr><td class="info">INFO</td><td class="description">Screenshot stored to C:\Users\semma\eclipse-workspace\Calculator\test-output\Default suite/../html/Screenshots/</td><td class="time">20:37:53</td></tr>]]>
    </line>
    <line>
      <![CDATA[<tr><td class="info">INFO</td><td class="description"><div style="border:0px solid; float:left;padding: 10px 10px 0px 0px">Screenshot<br><b>MTC_001_subtraction_of_two_Numbers</b></div><div style="cursor:pointer" onclick="javascript:ImagePreview('Screenshots/03_MTC_001_subtraction_of_two_Numbers.gif','MTC_001_subtraction_of_two_Numbers');"><img src="Screenshots/03_MTC_001_subtraction_of_two_Numbers.gif" style="height:100px;" border=0></div></td><td class="time">20:37:53</td></tr>]]>
    </line>
    <line>
      <![CDATA[<tr><td colspan = "3"  class="headerTest"> End BTC_002_Check_subtraction_for_two_numbers [06/02/2023 20:37:53]</tr>]]>
    </line>
    <line>
      <![CDATA[</table>]]>
    </line>
    <line>
      <![CDATA[<a href="javascript:toggleElement('BTC_004_Check_divison_for_two_numbers_06022023203804', 'block')" title="Click to view test log"><b>BTC_004_Check_divison_for_two_numbers</b></a>]]>
    </line>
    <line>
      <![CDATA[<table class="stepsTable" id="BTC_004_Check_divison_for_two_numbers_06022023203804">]]>
    </line>
    <line>
      <![CDATA[<tr><td colspan = "3"  class="headerTest">Start BTC_004_Check_divison_for_two_numbers_06022023203804 [06/02/2023 20:38:04]</tr>]]>
    </line>
    <line>
      <![CDATA[<tr><td class="info">INFO</td><td class="description"> PLATFORM: Android Version:9</td><td class="time">20:38:04</td></tr>]]>
    </line>
    <line>
      <![CDATA[<tr><td colspan = "2" class="step">STEP 1: START: MTC_001_Division_of_two_Numbers</td><td class="time">20:38:04</td></tr>]]>
    </line>
    <line>
      <![CDATA[<tr><td class="action">STORE VISIBILITY</td><td class="description">smartmobile.home.number.nine.btn (//android.widget.Button[contains(@content-desc, '9')]) is visible</td><td class="time">20:38:08</td></tr>]]>
    </line>
    <line>
      <![CDATA[<tr><td class="ok">OK</td><td class="description">Element smartmobile.home.number.nine.btn(xpath = //android.widget.Button[contains(@content-desc, '9')]) is visible </td><td class="time">20:38:08</td></tr>]]>
    </line>
    <line>
      <![CDATA[<tr><td class="action">CLICK</td><td class="description">smartmobile.home.number.nine.btn (//android.widget.Button[contains(@content-desc, '9')])</td><td class="time">20:38:08</td></tr>]]>
    </line>
    <line>
      <![CDATA[<tr><td class="ok">OK</td><td class="description">Element smartmobile.home.action.plus.btn(xpath = //android.widget.Button[contains(@content-desc, '+')]) is visible </td><td class="time">20:38:08</td></tr>]]>
    </line>
    <line>
      <![CDATA[<tr><td class="action">CLICK</td><td class="description">smartmobile.home.action.division.btn (//android.widget.Button[contains(@content-desc, '/')])</td><td class="time">20:38:09</td></tr>]]>
    </line>
    <line>
      <![CDATA[<tr><td class="ok">OK</td><td class="description">Element smartmobile.home.number.three.btn(xpath = //android.widget.Button[contains(@content-desc, '3')]) is visible </td><td class="time">20:38:10</td></tr>]]>
    </line>
    <line>
      <![CDATA[<tr><td class="action">CLICK</td><td class="description">smartmobile.home.number.three.btn (//android.widget.Button[contains(@content-desc, '3')])</td><td class="time">20:38:10</td></tr>]]>
    </line>
    <line>
      <![CDATA[<tr><td class="ok">OK</td><td class="description">Element smartmobile.home.action.equal.btn(xpath = //android.widget.Button[contains(@content-desc, '=')]) is visible </td><td class="time">20:38:11</td></tr>]]>
    </line>
    <line>
      <![CDATA[<tr><td class="action">CLICK</td><td class="description">smartmobile.home.action.equal.btn (//android.widget.Button[contains(@content-desc, '=')])</td><td class="time">20:38:11</td></tr>]]>
    </line>
    <line>
      <![CDATA[<tr><td class="info">INFO</td><td class="description">MTC_001_Division_of_two_Numbers: FINISHED</td><td class="time">20:38:11</td></tr>]]>
    </line>
    <line>
      <![CDATA[<tr><td class="info">INFO</td><td class="description">Screenshot stored to C:\Users\semma\eclipse-workspace\Calculator\test-output\Default suite/../html/Screenshots/</td><td class="time">20:38:12</td></tr>]]>
    </line>
    <line>
      <![CDATA[<tr><td class="info">INFO</td><td class="description"><div style="border:0px solid; float:left;padding: 10px 10px 0px 0px">Screenshot<br><b>MTC_001_Division_of_two_Numbers</b></div><div style="cursor:pointer" onclick="javascript:ImagePreview('Screenshots/04_MTC_001_Division_of_two_Numbers.gif','MTC_001_Division_of_two_Numbers');"><img src="Screenshots/04_MTC_001_Division_of_two_Numbers.gif" style="height:100px;" border=0></div></td><td class="time">20:38:12</td></tr>]]>
    </line>
    <line>
      <![CDATA[<tr><td colspan = "3"  class="headerTest"> End BTC_004_Check_divison_for_two_numbers [06/02/2023 20:38:12]</tr>]]>
    </line>
    <line>
      <![CDATA[</table>]]>
    </line>
  </reporter-output>
  <suite started-at="2023-02-06T20:36:56 CET" name="Default suite" finished-at="2023-02-06T20:38:13 CET" duration-ms="76902">
    <groups>
    </groups>
    <test started-at="2023-02-06T20:36:56 CET" name="Default test" finished-at="2023-02-06T20:38:13 CET" duration-ms="76902">
      <class name="calulator.qa.test.CalculatorHomePageTest">
        <test-method is-config="true" signature="before(java.lang.String,java.lang.String,java.lang.String,org.testng.ITestContext,java.lang.String)[pri:0, instance:calulator.qa.test.CalculatorHomePageTest@a38c7fe]" started-at="2023-02-06T20:36:56 CET" name="before" finished-at="2023-02-06T20:36:56 CET" duration-ms="9" status="PASS">
          <params>
            <param index="0">
              <value is-null="true"/>
            </param>
            <param index="1">
              <value is-null="true"/>
            </param>
            <param index="2">
              <value is-null="true"/>
            </param>
            <param index="3">
              <value>
                <![CDATA[org.testng.TestRunner@2c43eb8]]>
              </value>
            </param>
            <param index="4">
              <value is-null="true"/>
            </param>
          </params>
          <reporter-output>
          </reporter-output>
        </test-method> <!-- before -->
        <test-method is-config="true" signature="setup(java.lang.String,java.lang.String,java.lang.String,java.lang.String,java.lang.String,java.lang.String,java.lang.String,java.lang.reflect.Method,java.lang.String,java.lang.String)[pri:0, instance:calulator.qa.test.CalculatorHomePageTest@a38c7fe]" started-at="2023-02-06T20:36:56 CET" name="setup" finished-at="2023-02-06T20:37:07 CET" duration-ms="11479" status="PASS">
          <params>
            <param index="0">
              <value is-null="true"/>
            </param>
            <param index="1">
              <value is-null="true"/>
            </param>
            <param index="2">
              <value is-null="true"/>
            </param>
            <param index="3">
              <value is-null="true"/>
            </param>
            <param index="4">
              <value is-null="true"/>
            </param>
            <param index="5">
              <value is-null="true"/>
            </param>
            <param index="6">
              <value is-null="true"/>
            </param>
            <param index="7">
              <value>
                <![CDATA[public void calulator.qa.test.CalculatorHomePageTest.BTC_001_Check_addition_for_two_numbers()]]>
              </value>
            </param>
            <param index="8">
              <value is-null="true"/>
            </param>
            <param index="9">
              <value is-null="true"/>
            </param>
          </params>
          <reporter-output>
          </reporter-output>
        </test-method> <!-- setup -->
        <test-method signature="BTC_001_Check_addition_for_two_numbers()[pri:0, instance:calulator.qa.test.CalculatorHomePageTest@a38c7fe]" started-at="2023-02-06T20:37:07 CET" name="BTC_001_Check_addition_for_two_numbers" finished-at="2023-02-06T20:37:15 CET" duration-ms="8233" status="PASS">
          <reporter-output>
            <line>
              <![CDATA[<a href="javascript:toggleElement('BTC_001_Check_addition_for_two_numbers_06022023203707', 'block')" title="Click to view test log"><b>BTC_001_Check_addition_for_two_numbers</b></a>]]>
            </line>
            <line>
              <![CDATA[<table class="stepsTable" id="BTC_001_Check_addition_for_two_numbers_06022023203707">]]>
            </line>
            <line>
              <![CDATA[<tr><td colspan = "3"  class="headerTest">Start BTC_001_Check_addition_for_two_numbers_06022023203707 [06/02/2023 20:37:07]</tr>]]>
            </line>
            <line>
              <![CDATA[<tr><td class="info">INFO</td><td class="description"> PLATFORM: Android Version:9</td><td class="time">20:37:07</td></tr>]]>
            </line>
            <line>
              <![CDATA[<tr><td colspan = "2" class="step">STEP 1: START: MTC_001_Sum_of_two_Numbers</td><td class="time">20:37:07</td></tr>]]>
            </line>
            <line>
              <![CDATA[<tr><td class="action">STORE VISIBILITY</td><td class="description">smartmobile.home.number.five.btn (//android.widget.Button[contains(@content-desc, '5')]) is visible</td><td class="time">20:37:11</td></tr>]]>
            </line>
            <line>
              <![CDATA[<tr><td class="ok">OK</td><td class="description">Element smartmobile.home.number.five.btn(xpath = //android.widget.Button[contains(@content-desc, '5')]) is visible </td><td class="time">20:37:12</td></tr>]]>
            </line>
            <line>
              <![CDATA[<tr><td class="action">CLICK</td><td class="description">smartmobile.home.number.five.btn (//android.widget.Button[contains(@content-desc, '5')])</td><td class="time">20:37:12</td></tr>]]>
            </line>
            <line>
              <![CDATA[<tr><td class="ok">OK</td><td class="description">Element smartmobile.home.action.plus.btn(xpath = //android.widget.Button[contains(@content-desc, '+')]) is visible </td><td class="time">20:37:12</td></tr>]]>
            </line>
            <line>
              <![CDATA[<tr><td class="action">CLICK</td><td class="description">smartmobile.home.action.plus.btn (//android.widget.Button[contains(@content-desc, '+')])</td><td class="time">20:37:13</td></tr>]]>
            </line>
            <line>
              <![CDATA[<tr><td class="ok">OK</td><td class="description">Element smartmobile.home.number.five.btn(xpath = //android.widget.Button[contains(@content-desc, '5')]) is visible </td><td class="time">20:37:14</td></tr>]]>
            </line>
            <line>
              <![CDATA[<tr><td class="action">CLICK</td><td class="description">smartmobile.home.number.five.btn (//android.widget.Button[contains(@content-desc, '5')])</td><td class="time">20:37:14</td></tr>]]>
            </line>
            <line>
              <![CDATA[<tr><td class="ok">OK</td><td class="description">Element smartmobile.home.action.equal.btn(xpath = //android.widget.Button[contains(@content-desc, '=')]) is visible </td><td class="time">20:37:14</td></tr>]]>
            </line>
            <line>
              <![CDATA[<tr><td class="action">CLICK</td><td class="description">smartmobile.home.action.equal.btn (//android.widget.Button[contains(@content-desc, '=')])</td><td class="time">20:37:15</td></tr>]]>
            </line>
            <line>
              <![CDATA[<tr><td class="info">INFO</td><td class="description">MTC_001_Sum_of_two_Numbers: FINISHED</td><td class="time">20:37:15</td></tr>]]>
            </line>
            <line>
              <![CDATA[<tr><td class="info">INFO</td><td class="description">Screenshot stored to C:\Users\semma\eclipse-workspace\Calculator\test-output\Default suite/../html/Screenshots/</td><td class="time">20:37:15</td></tr>]]>
            </line>
            <line>
              <![CDATA[<tr><td class="info">INFO</td><td class="description"><div style="border:0px solid; float:left;padding: 10px 10px 0px 0px">Screenshot<br><b>MTC_001_Sum_of_two_Numbers</b></div><div style="cursor:pointer" onclick="javascript:ImagePreview('Screenshots/01_MTC_001_Sum_of_two_Numbers.gif','MTC_001_Sum_of_two_Numbers');"><img src="Screenshots/01_MTC_001_Sum_of_two_Numbers.gif" style="height:100px;" border=0></div></td><td class="time">20:37:15</td></tr>]]>
            </line>
            <line>
              <![CDATA[<tr><td colspan = "3"  class="headerTest"> End BTC_001_Check_addition_for_two_numbers [06/02/2023 20:37:15]</tr>]]>
            </line>
            <line>
              <![CDATA[</table>]]>
            </line>
          </reporter-output>
        </test-method> <!-- BTC_001_Check_addition_for_two_numbers -->
        <test-method is-config="true" signature="close()[pri:0, instance:calulator.qa.test.CalculatorHomePageTest@a38c7fe]" started-at="2023-02-06T20:37:15 CET" name="close" finished-at="2023-02-06T20:37:16 CET" duration-ms="514" status="PASS">
          <reporter-output>
          </reporter-output>
        </test-method> <!-- close -->
        <test-method is-config="true" signature="setup(java.lang.String,java.lang.String,java.lang.String,java.lang.String,java.lang.String,java.lang.String,java.lang.String,java.lang.reflect.Method,java.lang.String,java.lang.String)[pri:0, instance:calulator.qa.test.CalculatorHomePageTest@a38c7fe]" started-at="2023-02-06T20:37:16 CET" name="setup" finished-at="2023-02-06T20:37:26 CET" duration-ms="10205" status="PASS">
          <params>
            <param index="0">
              <value is-null="true"/>
            </param>
            <param index="1">
              <value is-null="true"/>
            </param>
            <param index="2">
              <value is-null="true"/>
            </param>
            <param index="3">
              <value is-null="true"/>
            </param>
            <param index="4">
              <value is-null="true"/>
            </param>
            <param index="5">
              <value is-null="true"/>
            </param>
            <param index="6">
              <value is-null="true"/>
            </param>
            <param index="7">
              <value>
                <![CDATA[public void calulator.qa.test.CalculatorHomePageTest.BTC_001_Check_multiplication_for_two_numbers()]]>
              </value>
            </param>
            <param index="8">
              <value is-null="true"/>
            </param>
            <param index="9">
              <value is-null="true"/>
            </param>
          </params>
          <reporter-output>
          </reporter-output>
        </test-method> <!-- setup -->
        <test-method signature="BTC_001_Check_multiplication_for_two_numbers()[pri:0, instance:calulator.qa.test.CalculatorHomePageTest@a38c7fe]" started-at="2023-02-06T20:37:26 CET" name="BTC_001_Check_multiplication_for_two_numbers" finished-at="2023-02-06T20:37:35 CET" duration-ms="8546" status="PASS">
          <reporter-output>
            <line>
              <![CDATA[<a href="javascript:toggleElement('BTC_001_Check_multiplication_for_two_numbers_06022023203726', 'block')" title="Click to view test log"><b>BTC_001_Check_multiplication_for_two_numbers</b></a>]]>
            </line>
            <line>
              <![CDATA[<table class="stepsTable" id="BTC_001_Check_multiplication_for_two_numbers_06022023203726">]]>
            </line>
            <line>
              <![CDATA[<tr><td colspan = "3"  class="headerTest">Start BTC_001_Check_multiplication_for_two_numbers_06022023203726 [06/02/2023 20:37:26]</tr>]]>
            </line>
            <line>
              <![CDATA[<tr><td class="info">INFO</td><td class="description"> PLATFORM: Android Version:9</td><td class="time">20:37:26</td></tr>]]>
            </line>
            <line>
              <![CDATA[<tr><td colspan = "2" class="step">STEP 1: START: MTC_001_Multiplication_of_two_Numbers</td><td class="time">20:37:26</td></tr>]]>
            </line>
            <line>
              <![CDATA[<tr><td class="action">STORE VISIBILITY</td><td class="description">smartmobile.home.number.five.btn (//android.widget.Button[contains(@content-desc, '5')]) is visible</td><td class="time">20:37:30</td></tr>]]>
            </line>
            <line>
              <![CDATA[<tr><td class="ok">OK</td><td class="description">Element smartmobile.home.number.five.btn(xpath = //android.widget.Button[contains(@content-desc, '5')]) is visible </td><td class="time">20:37:31</td></tr>]]>
            </line>
            <line>
              <![CDATA[<tr><td class="action">CLICK</td><td class="description">smartmobile.home.number.five.btn (//android.widget.Button[contains(@content-desc, '5')])</td><td class="time">20:37:31</td></tr>]]>
            </line>
            <line>
              <![CDATA[<tr><td class="ok">OK</td><td class="description">Element smartmobile.home.action.plus.btn(xpath = //android.widget.Button[contains(@content-desc, '+')]) is visible </td><td class="time">20:37:31</td></tr>]]>
            </line>
            <line>
              <![CDATA[<tr><td class="action">CLICK</td><td class="description">smartmobile.home.action.multiply.btn (//android.widget.Button[contains(@content-desc, 'x')])</td><td class="time">20:37:32</td></tr>]]>
            </line>
            <line>
              <![CDATA[<tr><td class="ok">OK</td><td class="description">Element smartmobile.home.number.five.btn(xpath = //android.widget.Button[contains(@content-desc, '5')]) is visible </td><td class="time">20:37:33</td></tr>]]>
            </line>
            <line>
              <![CDATA[<tr><td class="action">CLICK</td><td class="description">smartmobile.home.number.five.btn (//android.widget.Button[contains(@content-desc, '5')])</td><td class="time">20:37:33</td></tr>]]>
            </line>
            <line>
              <![CDATA[<tr><td class="ok">OK</td><td class="description">Element smartmobile.home.action.equal.btn(xpath = //android.widget.Button[contains(@content-desc, '=')]) is visible </td><td class="time">20:37:34</td></tr>]]>
            </line>
            <line>
              <![CDATA[<tr><td class="action">CLICK</td><td class="description">smartmobile.home.action.equal.btn (//android.widget.Button[contains(@content-desc, '=')])</td><td class="time">20:37:34</td></tr>]]>
            </line>
            <line>
              <![CDATA[<tr><td class="info">INFO</td><td class="description">MTC_001_Sum_of_two_Numbers: FINISHED</td><td class="time">20:37:34</td></tr>]]>
            </line>
            <line>
              <![CDATA[<tr><td class="info">INFO</td><td class="description">Screenshot stored to C:\Users\semma\eclipse-workspace\Calculator\test-output\Default suite/../html/Screenshots/</td><td class="time">20:37:35</td></tr>]]>
            </line>
            <line>
              <![CDATA[<tr><td class="info">INFO</td><td class="description"><div style="border:0px solid; float:left;padding: 10px 10px 0px 0px">Screenshot<br><b>MTC_001_Multiplication_of_two_Numbers</b></div><div style="cursor:pointer" onclick="javascript:ImagePreview('Screenshots/02_MTC_001_Multiplication_of_two_Numbers.gif','MTC_001_Multiplication_of_two_Numbers');"><img src="Screenshots/02_MTC_001_Multiplication_of_two_Numbers.gif" style="height:100px;" border=0></div></td><td class="time">20:37:35</td></tr>]]>
            </line>
            <line>
              <![CDATA[<tr><td colspan = "3"  class="headerTest"> End BTC_001_Check_multiplication_for_two_numbers [06/02/2023 20:37:35]</tr>]]>
            </line>
            <line>
              <![CDATA[</table>]]>
            </line>
          </reporter-output>
        </test-method> <!-- BTC_001_Check_multiplication_for_two_numbers -->
        <test-method is-config="true" signature="close()[pri:0, instance:calulator.qa.test.CalculatorHomePageTest@a38c7fe]" started-at="2023-02-06T20:37:35 CET" name="close" finished-at="2023-02-06T20:37:35 CET" duration-ms="481" status="PASS">
          <reporter-output>
          </reporter-output>
        </test-method> <!-- close -->
        <test-method is-config="true" signature="setup(java.lang.String,java.lang.String,java.lang.String,java.lang.String,java.lang.String,java.lang.String,java.lang.String,java.lang.reflect.Method,java.lang.String,java.lang.String)[pri:0, instance:calulator.qa.test.CalculatorHomePageTest@a38c7fe]" started-at="2023-02-06T20:37:35 CET" name="setup" finished-at="2023-02-06T20:37:45 CET" duration-ms="9707" status="PASS">
          <params>
            <param index="0">
              <value is-null="true"/>
            </param>
            <param index="1">
              <value is-null="true"/>
            </param>
            <param index="2">
              <value is-null="true"/>
            </param>
            <param index="3">
              <value is-null="true"/>
            </param>
            <param index="4">
              <value is-null="true"/>
            </param>
            <param index="5">
              <value is-null="true"/>
            </param>
            <param index="6">
              <value is-null="true"/>
            </param>
            <param index="7">
              <value>
                <![CDATA[public void calulator.qa.test.CalculatorHomePageTest.BTC_002_Check_subtraction_for_two_numbers()]]>
              </value>
            </param>
            <param index="8">
              <value is-null="true"/>
            </param>
            <param index="9">
              <value is-null="true"/>
            </param>
          </params>
          <reporter-output>
          </reporter-output>
        </test-method> <!-- setup -->
        <test-method signature="BTC_002_Check_subtraction_for_two_numbers()[pri:0, instance:calulator.qa.test.CalculatorHomePageTest@a38c7fe]" started-at="2023-02-06T20:37:45 CET" name="BTC_002_Check_subtraction_for_two_numbers" finished-at="2023-02-06T20:37:53 CET" duration-ms="8444" status="PASS">
          <reporter-output>
            <line>
              <![CDATA[<a href="javascript:toggleElement('BTC_002_Check_subtraction_for_two_numbers_06022023203745', 'block')" title="Click to view test log"><b>BTC_002_Check_subtraction_for_two_numbers</b></a>]]>
            </line>
            <line>
              <![CDATA[<table class="stepsTable" id="BTC_002_Check_subtraction_for_two_numbers_06022023203745">]]>
            </line>
            <line>
              <![CDATA[<tr><td colspan = "3"  class="headerTest">Start BTC_002_Check_subtraction_for_two_numbers_06022023203745 [06/02/2023 20:37:45]</tr>]]>
            </line>
            <line>
              <![CDATA[<tr><td class="info">INFO</td><td class="description"> PLATFORM: Android Version:9</td><td class="time">20:37:45</td></tr>]]>
            </line>
            <line>
              <![CDATA[<tr><td colspan = "2" class="step">STEP 1: START: MTC_001_subtraction_of_two_Numbers</td><td class="time">20:37:45</td></tr>]]>
            </line>
            <line>
              <![CDATA[<tr><td class="action">STORE VISIBILITY</td><td class="description">smartmobile.home.number.five.btn (//android.widget.Button[contains(@content-desc, '5')]) is visible</td><td class="time">20:37:49</td></tr>]]>
            </line>
            <line>
              <![CDATA[<tr><td class="ok">OK</td><td class="description">Element smartmobile.home.number.five.btn(xpath = //android.widget.Button[contains(@content-desc, '5')]) is visible </td><td class="time">20:37:49</td></tr>]]>
            </line>
            <line>
              <![CDATA[<tr><td class="action">CLICK</td><td class="description">smartmobile.home.number.five.btn (//android.widget.Button[contains(@content-desc, '5')])</td><td class="time">20:37:49</td></tr>]]>
            </line>
            <line>
              <![CDATA[<tr><td class="ok">OK</td><td class="description">Element smartmobile.home.action.plus.btn(xpath = //android.widget.Button[contains(@content-desc, '+')]) is visible </td><td class="time">20:37:50</td></tr>]]>
            </line>
            <line>
              <![CDATA[<tr><td class="action">CLICK</td><td class="description">smartmobile.home.action.minus.btn (//android.widget.Button[contains(@content-desc, '-')])</td><td class="time">20:37:51</td></tr>]]>
            </line>
            <line>
              <![CDATA[<tr><td class="ok">OK</td><td class="description">Element smartmobile.home.number.five.btn(xpath = //android.widget.Button[contains(@content-desc, '5')]) is visible </td><td class="time">20:37:51</td></tr>]]>
            </line>
            <line>
              <![CDATA[<tr><td class="action">CLICK</td><td class="description">smartmobile.home.number.five.btn (//android.widget.Button[contains(@content-desc, '5')])</td><td class="time">20:37:52</td></tr>]]>
            </line>
            <line>
              <![CDATA[<tr><td class="ok">OK</td><td class="description">Element smartmobile.home.action.equal.btn(xpath = //android.widget.Button[contains(@content-desc, '=')]) is visible </td><td class="time">20:37:52</td></tr>]]>
            </line>
            <line>
              <![CDATA[<tr><td class="action">CLICK</td><td class="description">smartmobile.home.action.equal.btn (//android.widget.Button[contains(@content-desc, '=')])</td><td class="time">20:37:53</td></tr>]]>
            </line>
            <line>
              <![CDATA[<tr><td class="info">INFO</td><td class="description">MTC_001_Sum_of_two_Numbers: FINISHED</td><td class="time">20:37:53</td></tr>]]>
            </line>
            <line>
              <![CDATA[<tr><td class="info">INFO</td><td class="description">Screenshot stored to C:\Users\semma\eclipse-workspace\Calculator\test-output\Default suite/../html/Screenshots/</td><td class="time">20:37:53</td></tr>]]>
            </line>
            <line>
              <![CDATA[<tr><td class="info">INFO</td><td class="description"><div style="border:0px solid; float:left;padding: 10px 10px 0px 0px">Screenshot<br><b>MTC_001_subtraction_of_two_Numbers</b></div><div style="cursor:pointer" onclick="javascript:ImagePreview('Screenshots/03_MTC_001_subtraction_of_two_Numbers.gif','MTC_001_subtraction_of_two_Numbers');"><img src="Screenshots/03_MTC_001_subtraction_of_two_Numbers.gif" style="height:100px;" border=0></div></td><td class="time">20:37:53</td></tr>]]>
            </line>
            <line>
              <![CDATA[<tr><td colspan = "3"  class="headerTest"> End BTC_002_Check_subtraction_for_two_numbers [06/02/2023 20:37:53]</tr>]]>
            </line>
            <line>
              <![CDATA[</table>]]>
            </line>
          </reporter-output>
        </test-method> <!-- BTC_002_Check_subtraction_for_two_numbers -->
        <test-method is-config="true" signature="close()[pri:0, instance:calulator.qa.test.CalculatorHomePageTest@a38c7fe]" started-at="2023-02-06T20:37:53 CET" name="close" finished-at="2023-02-06T20:37:54 CET" duration-ms="447" status="PASS">
          <reporter-output>
          </reporter-output>
        </test-method> <!-- close -->
        <test-method is-config="true" signature="setup(java.lang.String,java.lang.String,java.lang.String,java.lang.String,java.lang.String,java.lang.String,java.lang.String,java.lang.reflect.Method,java.lang.String,java.lang.String)[pri:0, instance:calulator.qa.test.CalculatorHomePageTest@a38c7fe]" started-at="2023-02-06T20:37:54 CET" name="setup" finished-at="2023-02-06T20:38:04 CET" duration-ms="9728" status="PASS">
          <params>
            <param index="0">
              <value is-null="true"/>
            </param>
            <param index="1">
              <value is-null="true"/>
            </param>
            <param index="2">
              <value is-null="true"/>
            </param>
            <param index="3">
              <value is-null="true"/>
            </param>
            <param index="4">
              <value is-null="true"/>
            </param>
            <param index="5">
              <value is-null="true"/>
            </param>
            <param index="6">
              <value is-null="true"/>
            </param>
            <param index="7">
              <value>
                <![CDATA[public void calulator.qa.test.CalculatorHomePageTest.BTC_004_Check_divison_for_two_numbers()]]>
              </value>
            </param>
            <param index="8">
              <value is-null="true"/>
            </param>
            <param index="9">
              <value is-null="true"/>
            </param>
          </params>
          <reporter-output>
          </reporter-output>
        </test-method> <!-- setup -->
        <test-method signature="BTC_004_Check_divison_for_two_numbers()[pri:0, instance:calulator.qa.test.CalculatorHomePageTest@a38c7fe]" started-at="2023-02-06T20:38:04 CET" name="BTC_004_Check_divison_for_two_numbers" finished-at="2023-02-06T20:38:12 CET" duration-ms="8593" status="PASS">
          <reporter-output>
            <line>
              <![CDATA[<a href="javascript:toggleElement('BTC_004_Check_divison_for_two_numbers_06022023203804', 'block')" title="Click to view test log"><b>BTC_004_Check_divison_for_two_numbers</b></a>]]>
            </line>
            <line>
              <![CDATA[<table class="stepsTable" id="BTC_004_Check_divison_for_two_numbers_06022023203804">]]>
            </line>
            <line>
              <![CDATA[<tr><td colspan = "3"  class="headerTest">Start BTC_004_Check_divison_for_two_numbers_06022023203804 [06/02/2023 20:38:04]</tr>]]>
            </line>
            <line>
              <![CDATA[<tr><td class="info">INFO</td><td class="description"> PLATFORM: Android Version:9</td><td class="time">20:38:04</td></tr>]]>
            </line>
            <line>
              <![CDATA[<tr><td colspan = "2" class="step">STEP 1: START: MTC_001_Division_of_two_Numbers</td><td class="time">20:38:04</td></tr>]]>
            </line>
            <line>
              <![CDATA[<tr><td class="action">STORE VISIBILITY</td><td class="description">smartmobile.home.number.nine.btn (//android.widget.Button[contains(@content-desc, '9')]) is visible</td><td class="time">20:38:08</td></tr>]]>
            </line>
            <line>
              <![CDATA[<tr><td class="ok">OK</td><td class="description">Element smartmobile.home.number.nine.btn(xpath = //android.widget.Button[contains(@content-desc, '9')]) is visible </td><td class="time">20:38:08</td></tr>]]>
            </line>
            <line>
              <![CDATA[<tr><td class="action">CLICK</td><td class="description">smartmobile.home.number.nine.btn (//android.widget.Button[contains(@content-desc, '9')])</td><td class="time">20:38:08</td></tr>]]>
            </line>
            <line>
              <![CDATA[<tr><td class="ok">OK</td><td class="description">Element smartmobile.home.action.plus.btn(xpath = //android.widget.Button[contains(@content-desc, '+')]) is visible </td><td class="time">20:38:08</td></tr>]]>
            </line>
            <line>
              <![CDATA[<tr><td class="action">CLICK</td><td class="description">smartmobile.home.action.division.btn (//android.widget.Button[contains(@content-desc, '/')])</td><td class="time">20:38:09</td></tr>]]>
            </line>
            <line>
              <![CDATA[<tr><td class="ok">OK</td><td class="description">Element smartmobile.home.number.three.btn(xpath = //android.widget.Button[contains(@content-desc, '3')]) is visible </td><td class="time">20:38:10</td></tr>]]>
            </line>
            <line>
              <![CDATA[<tr><td class="action">CLICK</td><td class="description">smartmobile.home.number.three.btn (//android.widget.Button[contains(@content-desc, '3')])</td><td class="time">20:38:10</td></tr>]]>
            </line>
            <line>
              <![CDATA[<tr><td class="ok">OK</td><td class="description">Element smartmobile.home.action.equal.btn(xpath = //android.widget.Button[contains(@content-desc, '=')]) is visible </td><td class="time">20:38:11</td></tr>]]>
            </line>
            <line>
              <![CDATA[<tr><td class="action">CLICK</td><td class="description">smartmobile.home.action.equal.btn (//android.widget.Button[contains(@content-desc, '=')])</td><td class="time">20:38:11</td></tr>]]>
            </line>
            <line>
              <![CDATA[<tr><td class="info">INFO</td><td class="description">MTC_001_Division_of_two_Numbers: FINISHED</td><td class="time">20:38:11</td></tr>]]>
            </line>
            <line>
              <![CDATA[<tr><td class="info">INFO</td><td class="description">Screenshot stored to C:\Users\semma\eclipse-workspace\Calculator\test-output\Default suite/../html/Screenshots/</td><td class="time">20:38:12</td></tr>]]>
            </line>
            <line>
              <![CDATA[<tr><td class="info">INFO</td><td class="description"><div style="border:0px solid; float:left;padding: 10px 10px 0px 0px">Screenshot<br><b>MTC_001_Division_of_two_Numbers</b></div><div style="cursor:pointer" onclick="javascript:ImagePreview('Screenshots/04_MTC_001_Division_of_two_Numbers.gif','MTC_001_Division_of_two_Numbers');"><img src="Screenshots/04_MTC_001_Division_of_two_Numbers.gif" style="height:100px;" border=0></div></td><td class="time">20:38:12</td></tr>]]>
            </line>
            <line>
              <![CDATA[<tr><td colspan = "3"  class="headerTest"> End BTC_004_Check_divison_for_two_numbers [06/02/2023 20:38:12]</tr>]]>
            </line>
            <line>
              <![CDATA[</table>]]>
            </line>
          </reporter-output>
        </test-method> <!-- BTC_004_Check_divison_for_two_numbers -->
        <test-method is-config="true" signature="close()[pri:0, instance:calulator.qa.test.CalculatorHomePageTest@a38c7fe]" started-at="2023-02-06T20:38:12 CET" name="close" finished-at="2023-02-06T20:38:13 CET" duration-ms="492" status="PASS">
          <reporter-output>
          </reporter-output>
        </test-method> <!-- close -->
        <test-method is-config="true" signature="closeTest()[pri:0, instance:calulator.qa.test.CalculatorHomePageTest@a38c7fe]" started-at="2023-02-06T20:38:13 CET" name="closeTest" finished-at="2023-02-06T20:38:13 CET" duration-ms="1" status="PASS">
          <reporter-output>
          </reporter-output>
        </test-method> <!-- closeTest -->
        <test-method is-config="true" signature="postsuite()[pri:0, instance:calulator.qa.test.CalculatorHomePageTest@a38c7fe]" started-at="2023-02-06T20:38:13 CET" name="postsuite" finished-at="2023-02-06T20:38:13 CET" duration-ms="1" status="PASS">
          <reporter-output>
          </reporter-output>
        </test-method> <!-- postsuite -->
      </class> <!-- calulator.qa.test.CalculatorHomePageTest -->
    </test> <!-- Default test -->
  </suite> <!-- Default suite -->
</testng-results>
